Family: 14h
Bit numbering	63   59   55   51   47   43   39   35   31   27   23   19   15   11   7    3  0
COFVID 0071		0000 0000 0010 0000 0000 0000 1010 0010 0111 0000 0000 0010 0111 0100 0011 0000 
P-State0 0064	1000 0000 0000 0000 0000 0001 0010 0110 0000 0000 0000 0000 0011 1000 0001 0000 
P-State0 0065	1000 0000 0000 0000 0000 0001 0001 1010 0000 0000 0000 0000 0101 0100 0001 0010 
P-State0 0066	1000 0000 0000 0000 0000 0010 1000 1100 0000 0000 0000 0000 0111 0100 0011 0000 
P-State0 0067	0000 0000 0000 0000 0000 0000 0000 0000 0000 0000 0000 0000 0000 0000 0000 0000 
P-State0 0068	0000 0000 0000 0000 0000 0000 0000 0000 0000 0000 0000 0000 0000 0000 0000 0000 
P-State0 0069	0000 0000 0000 0000 0000 0000 0000 0000 0000 0000 0000 0000 0000 0000 0000 0000 
P-State0 006A	0000 0000 0000 0000 0000 0000 0000 0000 0000 0000 0000 0000 0000 0000 0000 0000 
P-State0 006B	0000 0000 0000 0000 0000 0000 0000 0000 0000 0000 0000 0000 0000 0000 0000 0000 
MainPllOpFreqIdMax: 16 StartupPstate: 2 MinVid(V): 1,55 MaxVid(V): 1,3
 CurPstateLimit: 0 CurPstate: 2 PstateInProgress: 0
 CurCpuVid(V): 0,825 CurNbVid(V): 0,85
 CurCpuFid: 3 CurCpuDid: 0
Pstate: P0 PStateEn: 1 IddDiv: 01 IddValue: 38
CpuVid(V): 1,2 CpuFid: 1 CpuDid: 0
Pstate: P1 PStateEn: 1 IddDiv: 01 IddValue: 26
CpuVid(V): 1,025 CpuFid: 1 CpuDid: 2
Pstate: P2 PStateEn: 1 IddDiv: 10 IddValue: 140
CpuVid(V): 0,825 CpuFid: 3 CpuDid: 0
Pstate: P3 PStateEn: 0 IddDiv: 00 IddValue: 0
CpuVid(V): 1,55 CpuFid: 0 CpuDid: 0
Pstate: P4 PStateEn: 0 IddDiv: 00 IddValue: 0
CpuVid(V): 1,55 CpuFid: 0 CpuDid: 0
Pstate: P5 PStateEn: 0 IddDiv: 00 IddValue: 0
CpuVid(V): 1,55 CpuFid: 0 CpuDid: 0
Pstate: P6 PStateEn: 0 IddDiv: 00 IddValue: 0
CpuVid(V): 1,55 CpuFid: 0 CpuDid: 0
Pstate: P7 PStateEn: 0 IddDiv: 00 IddValue: 0
CpuVid(V): 1,55 CpuFid: 0 CpuDid: 0
CPB: 0 HwPstate: 1


Bit numbering			31   27   23   19   15   11   7    3  0
NB P-State0	1001 1001 1000 1011 0110 0010 0010 0100 
NB P-State1	1000 0000 0000 0000 0011 1000 0010 0110 
MSRC001_0061 P-StateMaxPState: 2 MinPState: 0
BIOS vendor	BIOS version	MoBo vendor	MoBo name
LENOVO
4BCN19WW
Lenovo
Inagua

