Family: 16h
Bit numbering    63   59   55   51   47   43   39   35   31   27   23   19   15   11   7    3  0
"0011000010010100000000000000001010000000010000001110100001000100"
"1000000000000000000000100101110100000000000000001110100001000100"
"1000000000000000000000100101010000000000000000001110110001000010"
"1000000000000000000000100100101100000000000000001111000001000000"
"1000000000000000000000100100001000000000000000001111010011101000"
"1000000000000000000000100011100000000000010000001111110011100000"
"0000000000000000000000000000000000000000000000011111111000000000"
"0000000000000000000000000000000000000000000000011111111000000000"
"0000000000000000000000000000000000000000000000011111111000000000"

(MSRC001_00[6B:64][CpuFid] + 10h) / (2^MSRC001_00[6B:64][CpuDid]).

COFVID 0071      
P-State0 0064    
P-State0 0065    
P-State0 0066    
P-State0 0067    
P-State0 0068    
P-State0 0069    
P-State0 006A    
P-State0 006B    

MSRC0010071
 MaxNbCof[63:59]: 6 CurPstateLimit[58:56]: 0 MaxCpuCof[54:49]: 10 StartupPstate[34:32]: 2
 CurNbVid[31:24]: 128 NbPstateDis[23]: 0 CurCpuVid7[23]: 0 CurCpuVid6_0[15:9]: 116 CurPstate[18:16]: 0 CurCpuDid: 1 CurCpuFid: 4

Pstate: P0 PStateEn[63]: 1 IddDiv[41:40]: 2 IddValue[39:32]: 93
 NbPstate[22]:0 CpuVid7[16]: 0 CpuVid6_0[15:9]: 116 CpuDid[8:6]: 1 CpuFid[5:0]: 4
Pstate: P1 PStateEn[63]: 1 IddDiv[41:40]: 2 IddValue[39:32]: 84
 NbPstate[22]:0 CpuVid7[16]: 0 CpuVid6_0[15:9]: 118 CpuDid[8:6]: 1 CpuFid[5:0]: 2
Pstate: P2 PStateEn[63]: 1 IddDiv[41:40]: 2 IddValue[39:32]: 75
 NbPstate[22]:0 CpuVid7[16]: 0 CpuVid6_0[15:9]: 120 CpuDid[8:6]: 1 CpuFid[5:0]: 0
Pstate: P3 PStateEn[63]: 1 IddDiv[41:40]: 2 IddValue[39:32]: 66
 NbPstate[22]:0 CpuVid7[16]: 0 CpuVid6_0[15:9]: 122 CpuDid[8:6]: 3 CpuFid[5:0]: 40
Pstate: P4 PStateEn[63]: 1 IddDiv[41:40]: 2 IddValue[39:32]: 56
 NbPstate[22]:1 CpuVid7[16]: 0 CpuVid6_0[15:9]: 126 CpuDid[8:6]: 3 CpuFid[5:0]: 32
Pstate: P5 PStateEn[63]: 0 IddDiv[41:40]: 0 IddValue[39:32]: 0
 NbPstate[22]:0 CpuVid7[16]: 1 CpuVid6_0[15:9]: 127 CpuDid[8:6]: 0 CpuFid[5:0]: 0
Pstate: P6 PStateEn[63]: 0 IddDiv[41:40]: 0 IddValue[39:32]: 0
 NbPstate[22]:0 CpuVid7[16]: 1 CpuVid6_0[15:9]: 127 CpuDid[8:6]: 0 CpuFid[5:0]: 0
Pstate: P7 PStateEn[63]: 0 IddDiv[41:40]: 0 IddValue[39:32]: 0
 NbPstate[22]:0 CpuVid7[16]: 1 CpuVid6_0[15:9]: 127 CpuDid[8:6]: 0 CpuFid[5:0]: 0
CPB: 0 HwPstate: 1

"11110011101000000000000010001111"
"10111001101001000000000010001001"
"00000000000000000000100111011001"
"00000000000000000000000000000000"
"10011000100000000000111100001010"
"00000000000000000000000001100100"

Bit numbering            31   27   23   19   15   11   7    3  0
NB P-State0 D18F3xDC    1111 0011 1010 0000 0000 0000 1000 1111 
NB P-State1 D18F6x90    1011 1001 1010 0100 0000 0000 1000 1001 
Advanced Power Mgmnt    0000 0000 0000 0000 0000 1001 1101 1001 
Core Perf Boost Ctrl    0000 0000 0000 0000 0000 0000 0000 0000 
ClockTiming D18F3xD4    1001 1000 1000 0000 0000 1111 0000 1010 
BIOSClock D0F0xE4_x0130_80F1    0000 0000 0000 0000 0000 0000 0110 0100 
D18F3x15C    VidL0 1,55V VidL1 1,55V VidL2 1,55V VidL3 1,55V
BoostEnAllCore: 0 IgnoreBoostThresh: 0 NumBoostStates: 0 BoostSrc: 00
D0 00    D1F0 90    SMBus A0    D18 C0
1536 1022 h
7807 1022 h
780B 1022 h
1530 1022 h
MSRC001_0061 P-StateMaxPState: 4 MinPState: 0
BIOS vendor    BIOS version    MoBo vendor    MoBo name
Insyde Corp.
601
Unknown
AKOYA E1318T