Der Buildvorgang wurde am 09.02.2014 00:56:03 gestartet.
     1>Projekt "E:\Programmierung\SVN\fusiontweaker\trunk\FusionTweakerService\FusionTweakerService.vcxproj" auf Knoten "2", rebuild Ziel(e).
     1>InitializeBuildStatus:
         "x64\Release\FusionTweakerService.unsuccessfulbuild" wird erstellt, da "AlwaysCreate" angegeben wurde.
       ClCompile:
         C:\Program Files (x86)\Microsoft Visual Studio 10.0\VC\bin\x86_amd64\CL.exe /c /nologo /W4 /WX- /O2 /Ob2 /Oi /Oy /GL /D _MBCS /Gm- /EHsc /MT /GS- /Gy /fp:precise /Zc:wchar_t /Zc:forScope /Fo"x64\Release\\" /Fd"x64\Release\vc100.pdb" /Gd /TP /wd4100 /errorReport:prompt Service.cpp
         Service.cpp
     1>e:\programmierung\svn\fusiontweaker\trunk\fusiontweakerservice\TurboManager.h(66): warning C4800: 'BOOL': Variable wird auf booleschen Wert ('True' oder 'False') gesetzt (Auswirkungen auf Leistungsverhalten möglich)
       Link:
         C:\Program Files (x86)\Microsoft Visual Studio 10.0\VC\bin\x86_amd64\link.exe /ERRORREPORT:PROMPT /OUT:"E:\Programmierung\SVN\fusiontweaker\trunk\\Release\x64\FusionTweakerService.exe" /INCREMENTAL:NO /NOLOGO kernel32.lib user32.lib gdi32.lib winspool.lib comdlg32.lib advapi32.lib shell32.lib ole32.lib oleaut32.lib uuid.lib odbc32.lib odbccp32.lib /MANIFEST /ManifestFile:"x64\Release\FusionTweakerService.exe.intermediate.manifest" /MANIFESTUAC:"level='requireAdministrator' uiAccess='false'" /PDB:"E:\Programmierung\SVN\fusiontweaker\trunk\Release\x64\FusionTweakerService.pdb" /OPT:REF /OPT:ICF /LTCG /TLBID:1 /DYNAMICBASE /NXCOMPAT /IMPLIB:"E:\Programmierung\SVN\fusiontweaker\trunk\\Release\x64\FusionTweakerService.lib" /MACHINE:X64 x64\Release\Service.obj
         Code wird generiert.
         Codegenerierung ist abgeschlossen.
         FusionTweakerService.vcxproj -> E:\Programmierung\SVN\fusiontweaker\trunk\\Release\x64\FusionTweakerService.exe
       Manifest:
         C:\Program Files (x86)\Microsoft SDKs\Windows\v7.0A\bin\mt.exe /nologo /verbose /outputresource:"E:\Programmierung\SVN\fusiontweaker\trunk\\Release\x64\FusionTweakerService.exe;#1" /manifest x64\Release\FusionTweakerService.exe.intermediate.manifest
       FinalizeBuildStatus:
         Die Datei "x64\Release\FusionTweakerService.unsuccessfulbuild" wird gelöscht.
         Aktualisieren des Timestamps von "x64\Release\FusionTweakerService.lastbuildstate".
     1>Die Erstellung des Projekts "E:\Programmierung\SVN\fusiontweaker\trunk\FusionTweakerService\FusionTweakerService.vcxproj" ist abgeschlossen, rebuild Ziel(e).

Das Erstellen war erfolgreich.

Verstrichene Zeit 00:00:06.87
